<?xml version="1.0" encoding="UTF-8"?>
<testsuite xmlns:xsi="http://www.w3.org/2001/XMLSchema-instance" xsi:noNamespaceSchemaLocation="https://maven.apache.org/surefire/maven-surefire-plugin/xsd/surefire-test-report-3.0.xsd" version="3.0" name="LBSUnitTest" time="32.456" tests="1" errors="0" skipped="0" failures="0">
  <properties>
    <property name="gopherProxySet" value="false"/>
    <property name="awt.toolkit" value="sun.lwawt.macosx.LWCToolkit"/>
    <property name="file.encoding.pkg" value="sun.io"/>
    <property name="java.specification.version" value="1.8"/>
    <property name="sun.cpu.isalist" value=""/>
    <property name="sun.jnu.encoding" value="UTF-8"/>
    <property name="java.class.path" value="/Users/brianmcmahon/Documents/COMP 41720 - Distributed Systems/Tutorial_3/Task5/broker/target/test-classes:/Users/brianmcmahon/Documents/COMP 41720 - Distributed Systems/Tutorial_3/Task5/broker/target/classes:/Users/brianmcmahon/Documents/COMP 41720 - Distributed Systems/Tutorial_3/Task5/core/target/core-1.0.jar:/Users/brianmcmahon/.m2/repository/junit/junit/4.12/junit-4.12.jar:/Users/brianmcmahon/.m2/repository/org/hamcrest/hamcrest-core/1.3/hamcrest-core-1.3.jar:/Users/brianmcmahon/.m2/repository/javax/jmdns/jmdns/3.4.1/jmdns-3.4.1.jar:/Users/brianmcmahon/.m2/repository/org/apache/tomcat/tomcat-catalina/9.0.38/tomcat-catalina-9.0.38.jar:/Users/brianmcmahon/.m2/repository/org/apache/tomcat/tomcat-servlet-api/9.0.38/tomcat-servlet-api-9.0.38.jar:/Users/brianmcmahon/.m2/repository/org/apache/tomcat/tomcat-jsp-api/9.0.38/tomcat-jsp-api-9.0.38.jar:/Users/brianmcmahon/.m2/repository/org/apache/tomcat/tomcat-el-api/9.0.38/tomcat-el-api-9.0.38.jar:/Users/brianmcmahon/.m2/repository/org/apache/tomcat/tomcat-juli/9.0.38/tomcat-juli-9.0.38.jar:/Users/brianmcmahon/.m2/repository/org/apache/tomcat/tomcat-annotations-api/9.0.38/tomcat-annotations-api-9.0.38.jar:/Users/brianmcmahon/.m2/repository/org/apache/tomcat/tomcat-api/9.0.38/tomcat-api-9.0.38.jar:/Users/brianmcmahon/.m2/repository/org/apache/tomcat/tomcat-jni/9.0.38/tomcat-jni-9.0.38.jar:/Users/brianmcmahon/.m2/repository/org/apache/tomcat/tomcat-coyote/9.0.38/tomcat-coyote-9.0.38.jar:/Users/brianmcmahon/.m2/repository/org/apache/tomcat/tomcat-util/9.0.38/tomcat-util-9.0.38.jar:/Users/brianmcmahon/.m2/repository/org/apache/tomcat/tomcat-util-scan/9.0.38/tomcat-util-scan-9.0.38.jar:/Users/brianmcmahon/.m2/repository/org/apache/tomcat/tomcat-jaspic-api/9.0.38/tomcat-jaspic-api-9.0.38.jar:/Users/brianmcmahon/.m2/repository/javax/annotation/javax.annotation-api/1.3.2/javax.annotation-api-1.3.2.jar:/Users/brianmcmahon/.m2/repository/org/glassfish/metro/webservices-rt/2.4.4/webservices-rt-2.4.4.jar:/Users/brianmcmahon/.m2/repository/org/glassfish/metro/webservices-api/2.4.4/webservices-api-2.4.4.jar:/Users/brianmcmahon/.m2/repository/jakarta/xml/ws/jakarta.xml.ws-api/2.3.3/jakarta.xml.ws-api-2.3.3.jar:/Users/brianmcmahon/.m2/repository/jakarta/xml/bind/jakarta.xml.bind-api/2.3.3/jakarta.xml.bind-api-2.3.3.jar:/Users/brianmcmahon/.m2/repository/jakarta/activation/jakarta.activation-api/1.2.2/jakarta.activation-api-1.2.2.jar:/Users/brianmcmahon/.m2/repository/jakarta/xml/soap/jakarta.xml.soap-api/1.4.2/jakarta.xml.soap-api-1.4.2.jar:/Users/brianmcmahon/.m2/repository/jakarta/jws/jakarta.jws-api/2.1.0/jakarta.jws-api-2.1.0.jar:/Users/brianmcmahon/.m2/repository/com/sun/org/apache/xml/internal/resolver/20050927/resolver-20050927.jar:"/>
    <property name="java.vm.vendor" value="AdoptOpenJDK"/>
    <property name="sun.arch.data.model" value="64"/>
    <property name="java.vendor.url" value="https://adoptopenjdk.net/"/>
    <property name="user.timezone" value=""/>
    <property name="user.country.format" value="IE"/>
    <property name="java.vm.specification.version" value="1.8"/>
    <property name="os.name" value="Mac OS X"/>
    <property name="user.country" value="GB"/>
    <property name="sun.java.launcher" value="SUN_STANDARD"/>
    <property name="sun.boot.library.path" value="/Library/Java/JavaVirtualMachines/adoptopenjdk-8.jdk/Contents/Home/jre/lib"/>
    <property name="sun.java.command" value="/Users/brianmcmahon/Documents/COMP 41720 - Distributed Systems/Tutorial_3/Task5/broker/target/surefire/surefirebooter-20241023235131192_16.jar /Users/brianmcmahon/Documents/COMP 41720 - Distributed Systems/Tutorial_3/Task5/broker/target/surefire 2024-10-23T23-51-01_485-jvmRun1 surefire-20241023235131192_14tmp surefire_3-20241023235131192_15tmp"/>
    <property name="surefire.test.class.path" value="/Users/brianmcmahon/Documents/COMP 41720 - Distributed Systems/Tutorial_3/Task5/broker/target/test-classes:/Users/brianmcmahon/Documents/COMP 41720 - Distributed Systems/Tutorial_3/Task5/broker/target/classes:/Users/brianmcmahon/Documents/COMP 41720 - Distributed Systems/Tutorial_3/Task5/core/target/core-1.0.jar:/Users/brianmcmahon/.m2/repository/junit/junit/4.12/junit-4.12.jar:/Users/brianmcmahon/.m2/repository/org/hamcrest/hamcrest-core/1.3/hamcrest-core-1.3.jar:/Users/brianmcmahon/.m2/repository/javax/jmdns/jmdns/3.4.1/jmdns-3.4.1.jar:/Users/brianmcmahon/.m2/repository/org/apache/tomcat/tomcat-catalina/9.0.38/tomcat-catalina-9.0.38.jar:/Users/brianmcmahon/.m2/repository/org/apache/tomcat/tomcat-servlet-api/9.0.38/tomcat-servlet-api-9.0.38.jar:/Users/brianmcmahon/.m2/repository/org/apache/tomcat/tomcat-jsp-api/9.0.38/tomcat-jsp-api-9.0.38.jar:/Users/brianmcmahon/.m2/repository/org/apache/tomcat/tomcat-el-api/9.0.38/tomcat-el-api-9.0.38.jar:/Users/brianmcmahon/.m2/repository/org/apache/tomcat/tomcat-juli/9.0.38/tomcat-juli-9.0.38.jar:/Users/brianmcmahon/.m2/repository/org/apache/tomcat/tomcat-annotations-api/9.0.38/tomcat-annotations-api-9.0.38.jar:/Users/brianmcmahon/.m2/repository/org/apache/tomcat/tomcat-api/9.0.38/tomcat-api-9.0.38.jar:/Users/brianmcmahon/.m2/repository/org/apache/tomcat/tomcat-jni/9.0.38/tomcat-jni-9.0.38.jar:/Users/brianmcmahon/.m2/repository/org/apache/tomcat/tomcat-coyote/9.0.38/tomcat-coyote-9.0.38.jar:/Users/brianmcmahon/.m2/repository/org/apache/tomcat/tomcat-util/9.0.38/tomcat-util-9.0.38.jar:/Users/brianmcmahon/.m2/repository/org/apache/tomcat/tomcat-util-scan/9.0.38/tomcat-util-scan-9.0.38.jar:/Users/brianmcmahon/.m2/repository/org/apache/tomcat/tomcat-jaspic-api/9.0.38/tomcat-jaspic-api-9.0.38.jar:/Users/brianmcmahon/.m2/repository/javax/annotation/javax.annotation-api/1.3.2/javax.annotation-api-1.3.2.jar:/Users/brianmcmahon/.m2/repository/org/glassfish/metro/webservices-rt/2.4.4/webservices-rt-2.4.4.jar:/Users/brianmcmahon/.m2/repository/org/glassfish/metro/webservices-api/2.4.4/webservices-api-2.4.4.jar:/Users/brianmcmahon/.m2/repository/jakarta/xml/ws/jakarta.xml.ws-api/2.3.3/jakarta.xml.ws-api-2.3.3.jar:/Users/brianmcmahon/.m2/repository/jakarta/xml/bind/jakarta.xml.bind-api/2.3.3/jakarta.xml.bind-api-2.3.3.jar:/Users/brianmcmahon/.m2/repository/jakarta/activation/jakarta.activation-api/1.2.2/jakarta.activation-api-1.2.2.jar:/Users/brianmcmahon/.m2/repository/jakarta/xml/soap/jakarta.xml.soap-api/1.4.2/jakarta.xml.soap-api-1.4.2.jar:/Users/brianmcmahon/.m2/repository/jakarta/jws/jakarta.jws-api/2.1.0/jakarta.jws-api-2.1.0.jar:/Users/brianmcmahon/.m2/repository/com/sun/org/apache/xml/internal/resolver/20050927/resolver-20050927.jar:"/>
    <property name="sun.cpu.endian" value="little"/>
    <property name="user.home" value="/Users/brianmcmahon"/>
    <property name="user.language" value="en"/>
    <property name="java.specification.vendor" value="Oracle Corporation"/>
    <property name="java.home" value="/Library/Java/JavaVirtualMachines/adoptopenjdk-8.jdk/Contents/Home/jre"/>
    <property name="basedir" value="/Users/brianmcmahon/Documents/COMP 41720 - Distributed Systems/Tutorial_3/Task5/broker"/>
    <property name="file.separator" value="/"/>
    <property name="line.separator" value="&#10;"/>
    <property name="java.vm.specification.vendor" value="Oracle Corporation"/>
    <property name="java.specification.name" value="Java Platform API Specification"/>
    <property name="java.awt.graphicsenv" value="sun.awt.CGraphicsEnvironment"/>
    <property name="surefire.real.class.path" value="/Users/brianmcmahon/Documents/COMP 41720 - Distributed Systems/Tutorial_3/Task5/broker/target/surefire/surefirebooter-20241023235131192_16.jar"/>
    <property name="sun.boot.class.path" value="/Library/Java/JavaVirtualMachines/adoptopenjdk-8.jdk/Contents/Home/jre/lib/resources.jar:/Library/Java/JavaVirtualMachines/adoptopenjdk-8.jdk/Contents/Home/jre/lib/rt.jar:/Library/Java/JavaVirtualMachines/adoptopenjdk-8.jdk/Contents/Home/jre/lib/sunrsasign.jar:/Library/Java/JavaVirtualMachines/adoptopenjdk-8.jdk/Contents/Home/jre/lib/jsse.jar:/Library/Java/JavaVirtualMachines/adoptopenjdk-8.jdk/Contents/Home/jre/lib/jce.jar:/Library/Java/JavaVirtualMachines/adoptopenjdk-8.jdk/Contents/Home/jre/lib/charsets.jar:/Library/Java/JavaVirtualMachines/adoptopenjdk-8.jdk/Contents/Home/jre/lib/jfr.jar:/Library/Java/JavaVirtualMachines/adoptopenjdk-8.jdk/Contents/Home/jre/classes"/>
    <property name="sun.management.compiler" value="HotSpot 64-Bit Tiered Compilers"/>
    <property name="java.runtime.version" value="1.8.0_292-b10"/>
    <property name="user.name" value="brianmcmahon"/>
    <property name="path.separator" value=":"/>
    <property name="os.version" value="10.16"/>
    <property name="java.endorsed.dirs" value="/Library/Java/JavaVirtualMachines/adoptopenjdk-8.jdk/Contents/Home/jre/lib/endorsed"/>
    <property name="java.runtime.name" value="OpenJDK Runtime Environment"/>
    <property name="file.encoding" value="UTF-8"/>
    <property name="java.vm.name" value="OpenJDK 64-Bit Server VM"/>
    <property name="localRepository" value="/Users/brianmcmahon/.m2/repository"/>
    <property name="java.vendor.url.bug" value="https://github.com/AdoptOpenJDK/openjdk-support/issues"/>
    <property name="java.io.tmpdir" value="/var/folders/sd/qz26czhx16b2xpkykv904f380000gn/T/"/>
    <property name="java.version" value="1.8.0_292"/>
    <property name="user.dir" value="/Users/brianmcmahon/Documents/COMP 41720 - Distributed Systems/Tutorial_3/Task5/broker"/>
    <property name="os.arch" value="x86_64"/>
    <property name="java.vm.specification.name" value="Java Virtual Machine Specification"/>
    <property name="java.awt.printerjob" value="sun.lwawt.macosx.CPrinterJob"/>
    <property name="sun.os.patch.level" value="unknown"/>
    <property name="java.library.path" value="/Users/brianmcmahon/Library/Java/Extensions:/Library/Java/Extensions:/Network/Library/Java/Extensions:/System/Library/Java/Extensions:/usr/lib/java:."/>
    <property name="java.vm.info" value="mixed mode"/>
    <property name="java.vendor" value="AdoptOpenJDK"/>
    <property name="java.vm.version" value="25.292-b10"/>
    <property name="java.ext.dirs" value="/Users/brianmcmahon/Library/Java/Extensions:/Library/Java/JavaVirtualMachines/adoptopenjdk-8.jdk/Contents/Home/jre/lib/ext:/Library/Java/Extensions:/Network/Library/Java/Extensions:/System/Library/Java/Extensions:/usr/lib/java"/>
    <property name="sun.io.unicode.encoding" value="UnicodeBig"/>
    <property name="java.class.version" value="52.0"/>
  </properties>
  <testcase name="connectionTest" classname="LBSUnitTest" time="0.614">
    <system-out><![CDATA[lbsBrians-MacBook-Air-2.local/127.0.0.1[]got to hereQuotations retrieved: 0
[]]]></system-out>
    <system-err><![CDATA[Oct 23, 2024 11:52:03 PM com.sun.xml.ws.server.MonitorBase createRoot
INFO: Metro monitoring rootname successfully set to: com.sun.metro:pp=/,type=WSEndpoint,name=BrokerService-BrokerServicePort
]]></system-err>
  </testcase>
</testsuite>