<?xml version="1.0" encoding="UTF-8"?>
<testsuite xmlns:xsi="http://www.w3.org/2001/XMLSchema-instance" xsi:noNamespaceSchemaLocation="https://maven.apache.org/surefire/maven-surefire-plugin/xsd/surefire-test-report-3.0.xsd" version="3.0" name="GAQUnitTest" time="1.028" tests="1" errors="0" skipped="0" failures="0">
  <properties>
    <property name="java.specification.version" value="22"/>
    <property name="sun.jnu.encoding" value="UTF-8"/>
    <property name="java.class.path" value="/Users/brianmcmahon/Documents/COMP 41720 - Distributed Systems/Tutorial_3/Task2/girlsallowed/target/test-classes:/Users/brianmcmahon/Documents/COMP 41720 - Distributed Systems/Tutorial_3/Task2/girlsallowed/target/classes:/Users/brianmcmahon/.m2/repository/quoco/ws/core/1.0/core-1.0.jar:/Users/brianmcmahon/.m2/repository/junit/junit/4.12/junit-4.12.jar:/Users/brianmcmahon/.m2/repository/org/hamcrest/hamcrest-core/1.3/hamcrest-core-1.3.jar:/Users/brianmcmahon/.m2/repository/org/glassfish/metro/webservices-rt/2.4.4/webservices-rt-2.4.4.jar:/Users/brianmcmahon/.m2/repository/org/glassfish/metro/webservices-api/2.4.4/webservices-api-2.4.4.jar:/Users/brianmcmahon/.m2/repository/org/apache/tomcat/tomcat-catalina/9.0.38/tomcat-catalina-9.0.38.jar:/Users/brianmcmahon/.m2/repository/org/apache/tomcat/tomcat-servlet-api/9.0.38/tomcat-servlet-api-9.0.38.jar:/Users/brianmcmahon/.m2/repository/org/apache/tomcat/tomcat-jsp-api/9.0.38/tomcat-jsp-api-9.0.38.jar:/Users/brianmcmahon/.m2/repository/org/apache/tomcat/tomcat-el-api/9.0.38/tomcat-el-api-9.0.38.jar:/Users/brianmcmahon/.m2/repository/org/apache/tomcat/tomcat-juli/9.0.38/tomcat-juli-9.0.38.jar:/Users/brianmcmahon/.m2/repository/org/apache/tomcat/tomcat-annotations-api/9.0.38/tomcat-annotations-api-9.0.38.jar:/Users/brianmcmahon/.m2/repository/org/apache/tomcat/tomcat-api/9.0.38/tomcat-api-9.0.38.jar:/Users/brianmcmahon/.m2/repository/org/apache/tomcat/tomcat-jni/9.0.38/tomcat-jni-9.0.38.jar:/Users/brianmcmahon/.m2/repository/org/apache/tomcat/tomcat-coyote/9.0.38/tomcat-coyote-9.0.38.jar:/Users/brianmcmahon/.m2/repository/org/apache/tomcat/tomcat-util/9.0.38/tomcat-util-9.0.38.jar:/Users/brianmcmahon/.m2/repository/org/apache/tomcat/tomcat-util-scan/9.0.38/tomcat-util-scan-9.0.38.jar:/Users/brianmcmahon/.m2/repository/org/apache/tomcat/tomcat-jaspic-api/9.0.38/tomcat-jaspic-api-9.0.38.jar:/Users/brianmcmahon/.m2/repository/jakarta/xml/ws/jakarta.xml.ws-api/2.3.3/jakarta.xml.ws-api-2.3.3.jar:/Users/brianmcmahon/.m2/repository/jakarta/xml/bind/jakarta.xml.bind-api/2.3.3/jakarta.xml.bind-api-2.3.3.jar:/Users/brianmcmahon/.m2/repository/jakarta/activation/jakarta.activation-api/1.2.2/jakarta.activation-api-1.2.2.jar:/Users/brianmcmahon/.m2/repository/jakarta/xml/soap/jakarta.xml.soap-api/1.4.2/jakarta.xml.soap-api-1.4.2.jar:/Users/brianmcmahon/.m2/repository/jakarta/jws/jakarta.jws-api/2.1.0/jakarta.jws-api-2.1.0.jar:/Users/brianmcmahon/.m2/repository/javax/annotation/javax.annotation-api/1.3.2/javax.annotation-api-1.3.2.jar:"/>
    <property name="java.vm.vendor" value="Homebrew"/>
    <property name="sun.arch.data.model" value="64"/>
    <property name="java.vendor.url" value="https://github.com/Homebrew/homebrew-core/issues"/>
    <property name="os.name" value="Mac OS X"/>
    <property name="java.vm.specification.version" value="22"/>
    <property name="sun.java.launcher" value="SUN_STANDARD"/>
    <property name="user.country" value="GB"/>
    <property name="sun.boot.library.path" value="/opt/homebrew/Cellar/openjdk/22.0.2/libexec/openjdk.jdk/Contents/Home/lib"/>
    <property name="sun.java.command" value="/Users/brianmcmahon/Documents/COMP 41720 - Distributed Systems/Tutorial_3/Task2/girlsallowed/target/surefire/surefirebooter-20241022220225357_3.jar /Users/brianmcmahon/Documents/COMP 41720 - Distributed Systems/Tutorial_3/Task2/girlsallowed/target/surefire 2024-10-22T22-02-25_324-jvmRun1 surefire-20241022220225357_1tmp surefire_0-20241022220225357_2tmp"/>
    <property name="jdk.debug" value="release"/>
    <property name="surefire.test.class.path" value="/Users/brianmcmahon/Documents/COMP 41720 - Distributed Systems/Tutorial_3/Task2/girlsallowed/target/test-classes:/Users/brianmcmahon/Documents/COMP 41720 - Distributed Systems/Tutorial_3/Task2/girlsallowed/target/classes:/Users/brianmcmahon/.m2/repository/quoco/ws/core/1.0/core-1.0.jar:/Users/brianmcmahon/.m2/repository/junit/junit/4.12/junit-4.12.jar:/Users/brianmcmahon/.m2/repository/org/hamcrest/hamcrest-core/1.3/hamcrest-core-1.3.jar:/Users/brianmcmahon/.m2/repository/org/glassfish/metro/webservices-rt/2.4.4/webservices-rt-2.4.4.jar:/Users/brianmcmahon/.m2/repository/org/glassfish/metro/webservices-api/2.4.4/webservices-api-2.4.4.jar:/Users/brianmcmahon/.m2/repository/org/apache/tomcat/tomcat-catalina/9.0.38/tomcat-catalina-9.0.38.jar:/Users/brianmcmahon/.m2/repository/org/apache/tomcat/tomcat-servlet-api/9.0.38/tomcat-servlet-api-9.0.38.jar:/Users/brianmcmahon/.m2/repository/org/apache/tomcat/tomcat-jsp-api/9.0.38/tomcat-jsp-api-9.0.38.jar:/Users/brianmcmahon/.m2/repository/org/apache/tomcat/tomcat-el-api/9.0.38/tomcat-el-api-9.0.38.jar:/Users/brianmcmahon/.m2/repository/org/apache/tomcat/tomcat-juli/9.0.38/tomcat-juli-9.0.38.jar:/Users/brianmcmahon/.m2/repository/org/apache/tomcat/tomcat-annotations-api/9.0.38/tomcat-annotations-api-9.0.38.jar:/Users/brianmcmahon/.m2/repository/org/apache/tomcat/tomcat-api/9.0.38/tomcat-api-9.0.38.jar:/Users/brianmcmahon/.m2/repository/org/apache/tomcat/tomcat-jni/9.0.38/tomcat-jni-9.0.38.jar:/Users/brianmcmahon/.m2/repository/org/apache/tomcat/tomcat-coyote/9.0.38/tomcat-coyote-9.0.38.jar:/Users/brianmcmahon/.m2/repository/org/apache/tomcat/tomcat-util/9.0.38/tomcat-util-9.0.38.jar:/Users/brianmcmahon/.m2/repository/org/apache/tomcat/tomcat-util-scan/9.0.38/tomcat-util-scan-9.0.38.jar:/Users/brianmcmahon/.m2/repository/org/apache/tomcat/tomcat-jaspic-api/9.0.38/tomcat-jaspic-api-9.0.38.jar:/Users/brianmcmahon/.m2/repository/jakarta/xml/ws/jakarta.xml.ws-api/2.3.3/jakarta.xml.ws-api-2.3.3.jar:/Users/brianmcmahon/.m2/repository/jakarta/xml/bind/jakarta.xml.bind-api/2.3.3/jakarta.xml.bind-api-2.3.3.jar:/Users/brianmcmahon/.m2/repository/jakarta/activation/jakarta.activation-api/1.2.2/jakarta.activation-api-1.2.2.jar:/Users/brianmcmahon/.m2/repository/jakarta/xml/soap/jakarta.xml.soap-api/1.4.2/jakarta.xml.soap-api-1.4.2.jar:/Users/brianmcmahon/.m2/repository/jakarta/jws/jakarta.jws-api/2.1.0/jakarta.jws-api-2.1.0.jar:/Users/brianmcmahon/.m2/repository/javax/annotation/javax.annotation-api/1.3.2/javax.annotation-api-1.3.2.jar:"/>
    <property name="sun.cpu.endian" value="little"/>
    <property name="user.home" value="/Users/brianmcmahon"/>
    <property name="user.language" value="en"/>
    <property name="java.specification.vendor" value="Oracle Corporation"/>
    <property name="java.version.date" value="2024-07-16"/>
    <property name="java.home" value="/opt/homebrew/Cellar/openjdk/22.0.2/libexec/openjdk.jdk/Contents/Home"/>
    <property name="file.separator" value="/"/>
    <property name="basedir" value="/Users/brianmcmahon/Documents/COMP 41720 - Distributed Systems/Tutorial_3/Task2/girlsallowed"/>
    <property name="java.vm.compressedOopsMode" value="Zero based"/>
    <property name="line.separator" value="&#10;"/>
    <property name="java.specification.name" value="Java Platform API Specification"/>
    <property name="java.vm.specification.vendor" value="Oracle Corporation"/>
    <property name="apple.awt.application.name" value="ForkedBooter"/>
    <property name="surefire.real.class.path" value="/Users/brianmcmahon/Documents/COMP 41720 - Distributed Systems/Tutorial_3/Task2/girlsallowed/target/surefire/surefirebooter-20241022220225357_3.jar"/>
    <property name="sun.management.compiler" value="HotSpot 64-Bit Tiered Compilers"/>
    <property name="java.runtime.version" value="22.0.2"/>
    <property name="user.name" value="brianmcmahon"/>
    <property name="stdout.encoding" value="UTF-8"/>
    <property name="path.separator" value=":"/>
    <property name="os.version" value="13.5"/>
    <property name="java.runtime.name" value="OpenJDK Runtime Environment"/>
    <property name="file.encoding" value="UTF-8"/>
    <property name="java.vm.name" value="OpenJDK 64-Bit Server VM"/>
    <property name="java.vendor.version" value="Homebrew"/>
    <property name="localRepository" value="/Users/brianmcmahon/.m2/repository"/>
    <property name="java.vendor.url.bug" value="https://github.com/Homebrew/homebrew-core/issues"/>
    <property name="java.io.tmpdir" value="/var/folders/sd/qz26czhx16b2xpkykv904f380000gn/T/"/>
    <property name="java.version" value="22.0.2"/>
    <property name="user.dir" value="/Users/brianmcmahon/Documents/COMP 41720 - Distributed Systems/Tutorial_3/Task2/girlsallowed"/>
    <property name="os.arch" value="aarch64"/>
    <property name="java.vm.specification.name" value="Java Virtual Machine Specification"/>
    <property name="native.encoding" value="UTF-8"/>
    <property name="java.library.path" value="/Users/brianmcmahon/Library/Java/Extensions:/Library/Java/Extensions:/Network/Library/Java/Extensions:/System/Library/Java/Extensions:/usr/lib/java:."/>
    <property name="java.vm.info" value="mixed mode, sharing"/>
    <property name="stderr.encoding" value="UTF-8"/>
    <property name="java.vendor" value="Homebrew"/>
    <property name="java.vm.version" value="22.0.2"/>
    <property name="sun.io.unicode.encoding" value="UnicodeBig"/>
    <property name="java.class.version" value="66.0"/>
  </properties>
  <testcase name="connectionTest" classname="GAQUnitTest" time="0.133">
    <system-err><![CDATA[Oct 22, 2024 10:02:26 PM com.sun.xml.ws.server.MonitorBase createRoot
INFO: Metro monitoring rootname successfully set to: com.sun.metro:pp=/,type=WSEndpoint,name=QuotationService-QuotationServicePort
]]></system-err>
  </testcase>
</testsuite>